[02/Dec/2020:10:30:06] (I): WordPress Instance Info:
[02/Dec/2020:10:30:06] (I): Home URL : http://my-web-agency.local
[02/Dec/2020:10:30:06] (I): Site URL : http://my-web-agency.local
[02/Dec/2020:10:30:06] (I): WordPress Version : 5.5.3
[02/Dec/2020:10:30:06] (I): Onboarding Version : 1.1.0
[02/Dec/2020:10:30:06] (I): Multisite : No
[02/Dec/2020:10:30:06] (I): Server Info : nginx/1.16.0
[02/Dec/2020:10:30:06] (I): PHP Version : 7.3.5
[02/Dec/2020:10:30:06] (I): HTTPS : No
[02/Dec/2020:10:30:06] (I): PHP Max Execution Time : 1200
[02/Dec/2020:10:30:06] (I): PHP Max Input Vars : 4000
[02/Dec/2020:10:30:06] (I): Max Upload Size : 314572800
[02/Dec/2020:10:30:06] (I): Plugins:
[02/Dec/2020:10:30:06] (I): [PLUGIN] Elementor : v3.0.14 (Elementor.com)
[02/Dec/2020:10:30:06] (I): [PLUGIN] Templates Patterns Collection : v1.1.0 (ThemeIsle)
[02/Dec/2020:10:30:06] (I): [PLUGIN] Orbit Fox Companion : v2.10.0 (Themeisle)
[02/Dec/2020:10:30:06] (P): Saving remote XML
[02/Dec/2020:10:30:08] (S): Saved remote XML at path /Users/stephane/Local Sites/my-web-agency/app/public/wp-content/uploads/themeisle-demo-import.xml.
[02/Dec/2020:10:30:08] (P): Starting content import...
[02/Dec/2020:10:30:08] (S): Import started.
[02/Dec/2020:10:30:08] (S): Parsing XML file.
[02/Dec/2020:10:30:08] (P): Starting parsing file:/Users/stephane/Local Sites/my-web-agency/app/public/wp-content/uploads/themeisle-demo-import.xml
[02/Dec/2020:10:30:08] (P): Using WXR_Parser_SimpleXML...
[02/Dec/2020:10:30:08] (S): Parsed XML
[02/Dec/2020:10:30:08] (P): Processing categories...
[02/Dec/2020:10:30:08] (S): Processed categories.
[02/Dec/2020:10:30:08] (P): Processing tags...
[02/Dec/2020:10:30:08] (S): No tags to process.
[02/Dec/2020:10:30:08] (P): Processing terms...
[02/Dec/2020:10:30:08] (S): Processed terms.
[02/Dec/2020:10:30:08] (P): Processing posts...
[02/Dec/2020:10:30:08] (P): Processing single menu item ' '...
[02/Dec/2020:10:30:08] (P): Processing attachment: https://s33834.pcdn.co/web-agency/wp-content/uploads/sites/421/2020/01/neve-web-design-studio-02.jpg...
[02/Dec/2020:10:30:08] (P): Fetching attachment from url: https://s33834.pcdn.co/web-agency/wp-content/uploads/sites/421/2020/01/neve-web-design-studio-02.jpg...
[02/Dec/2020:10:30:11] (S): Fetched remote attachment.
[02/Dec/2020:10:30:11] (P): Inserting attachment...
[02/Dec/2020:10:30:11] (S): Attachment inserted
[02/Dec/2020:10:30:11] (S): Processed attachment.
[02/Dec/2020:10:30:11] (P): Processing attachment: https://s33834.pcdn.co/web-agency/wp-content/uploads/sites/421/2020/01/neve-web-design-studio-03.jpg...
[02/Dec/2020:10:30:11] (P): Fetching attachment from url: https://s33834.pcdn.co/web-agency/wp-content/uploads/sites/421/2020/01/neve-web-design-studio-03.jpg...
[02/Dec/2020:10:30:14] (S): Fetched remote attachment.
[02/Dec/2020:10:30:14] (P): Inserting attachment...
[02/Dec/2020:10:30:14] (S): Attachment inserted
[02/Dec/2020:10:30:14] (S): Processed attachment.
[02/Dec/2020:10:30:14] (P): Processing attachment: https://s33834.pcdn.co/web-agency/wp-content/uploads/sites/421/2020/01/neve-web-design-studio-04.jpg...
[02/Dec/2020:10:30:14] (P): Fetching attachment from url: https://s33834.pcdn.co/web-agency/wp-content/uploads/sites/421/2020/01/neve-web-design-studio-04.jpg...
[02/Dec/2020:10:30:16] (S): Fetched remote attachment.
[02/Dec/2020:10:30:16] (P): Inserting attachment...
[02/Dec/2020:10:30:16] (S): Attachment inserted
[02/Dec/2020:10:30:16] (S): Processed attachment.
[02/Dec/2020:10:30:16] (P): Processing attachment: https://s33834.pcdn.co/web-agency/wp-content/uploads/sites/421/2020/01/neve-web-design-studio-05.jpg...
[02/Dec/2020:10:30:16] (P): Fetching attachment from url: https://s33834.pcdn.co/web-agency/wp-content/uploads/sites/421/2020/01/neve-web-design-studio-05.jpg...
[02/Dec/2020:10:30:18] (S): Fetched remote attachment.
[02/Dec/2020:10:30:18] (P): Inserting attachment...
[02/Dec/2020:10:30:18] (S): Attachment inserted
[02/Dec/2020:10:30:18] (S): Processed attachment.
[02/Dec/2020:10:30:18] (P): Processing attachment: https://s33834.pcdn.co/web-agency/wp-content/uploads/sites/421/2020/01/neve-web-design-studio-06.jpg...
[02/Dec/2020:10:30:18] (P): Fetching attachment from url: https://s33834.pcdn.co/web-agency/wp-content/uploads/sites/421/2020/01/neve-web-design-studio-06.jpg...
[02/Dec/2020:10:30:21] (S): Fetched remote attachment.
[02/Dec/2020:10:30:21] (P): Inserting attachment...
[02/Dec/2020:10:30:21] (S): Attachment inserted
[02/Dec/2020:10:30:21] (S): Processed attachment.
[02/Dec/2020:10:30:21] (P): Processing attachment: https://s33834.pcdn.co/web-agency/wp-content/uploads/sites/421/2020/01/neve-web-design-studio-07.jpg...
[02/Dec/2020:10:30:21] (P): Fetching attachment from url: https://s33834.pcdn.co/web-agency/wp-content/uploads/sites/421/2020/01/neve-web-design-studio-07.jpg...
[02/Dec/2020:10:30:23] (S): Fetched remote attachment.
[02/Dec/2020:10:30:23] (P): Inserting attachment...
[02/Dec/2020:10:30:23] (S): Attachment inserted
[02/Dec/2020:10:30:23] (S): Processed attachment.
[02/Dec/2020:10:30:23] (P): Processing attachment: https://s33834.pcdn.co/web-agency/wp-content/uploads/sites/421/2020/01/neve-web-design-studio-08.jpg...
[02/Dec/2020:10:30:23] (P): Fetching attachment from url: https://s33834.pcdn.co/web-agency/wp-content/uploads/sites/421/2020/01/neve-web-design-studio-08.jpg...
[02/Dec/2020:10:30:25] (S): Fetched remote attachment.
[02/Dec/2020:10:30:25] (P): Inserting attachment...
[02/Dec/2020:10:30:25] (S): Attachment inserted
[02/Dec/2020:10:30:25] (S): Processed attachment.
[02/Dec/2020:10:30:25] (P): Processing attachment: https://s33834.pcdn.co/web-agency/wp-content/uploads/sites/421/2020/01/neve-web-design-studio-09.jpg...
[02/Dec/2020:10:30:25] (P): Fetching attachment from url: https://s33834.pcdn.co/web-agency/wp-content/uploads/sites/421/2020/01/neve-web-design-studio-09.jpg...
[02/Dec/2020:10:30:27] (S): Fetched remote attachment.
[02/Dec/2020:10:30:27] (P): Inserting attachment...
[02/Dec/2020:10:30:27] (S): Attachment inserted
[02/Dec/2020:10:30:27] (S): Processed attachment.
[02/Dec/2020:10:30:27] (P): Processing attachment: https://s33834.pcdn.co/web-agency/wp-content/uploads/sites/421/2020/01/neve-web-design-studio-10.jpg...
[02/Dec/2020:10:30:27] (P): Fetching attachment from url: https://s33834.pcdn.co/web-agency/wp-content/uploads/sites/421/2020/01/neve-web-design-studio-10.jpg...
[02/Dec/2020:10:30:29] (S): Fetched remote attachment.
[02/Dec/2020:10:30:29] (P): Inserting attachment...
[02/Dec/2020:10:30:29] (S): Attachment inserted
[02/Dec/2020:10:30:29] (S): Processed attachment.
[02/Dec/2020:10:30:29] (P): Processing attachment: https://s33834.pcdn.co/web-agency/wp-content/uploads/sites/421/2020/01/neve-web-design-studio-11.jpg...
[02/Dec/2020:10:30:29] (P): Fetching attachment from url: https://s33834.pcdn.co/web-agency/wp-content/uploads/sites/421/2020/01/neve-web-design-studio-11.jpg...
[02/Dec/2020:10:30:31] (S): Fetched remote attachment.
[02/Dec/2020:10:30:31] (P): Inserting attachment...
[02/Dec/2020:10:30:31] (S): Attachment inserted
[02/Dec/2020:10:30:31] (S): Processed attachment.
[02/Dec/2020:10:30:31] (P): Processing single menu item ' '...
[02/Dec/2020:10:30:31] (P): Processing single menu item ' '...
[02/Dec/2020:10:30:31] (P): Processing attachment: https://s33834.pcdn.co/web-agency/wp-content/uploads/sites/421/2020/06/cropped-web-agency-logo.png...
[02/Dec/2020:10:30:31] (P): Fetching attachment from url: https://s33834.pcdn.co/web-agency/wp-content/uploads/sites/421/2020/06/cropped-web-agency-logo.png...
[02/Dec/2020:10:30:33] (S): Fetched remote attachment.
[02/Dec/2020:10:30:33] (P): Inserting attachment...
[02/Dec/2020:10:30:33] (S): Attachment inserted
[02/Dec/2020:10:30:33] (S): Processed attachment.
[02/Dec/2020:10:30:33] (P): Processing attachment: https://s33834.pcdn.co/web-agency/wp-content/uploads/sites/421/2020/06/web-agency-logo-2.png...
[02/Dec/2020:10:30:33] (P): Fetching attachment from url: https://s33834.pcdn.co/web-agency/wp-content/uploads/sites/421/2020/06/web-agency-logo-2.png...
[02/Dec/2020:10:30:34] (S): Fetched remote attachment.
[02/Dec/2020:10:30:34] (P): Inserting attachment...
[02/Dec/2020:10:30:34] (S): Attachment inserted
[02/Dec/2020:10:30:34] (S): Processed attachment.
[02/Dec/2020:10:30:34] (P): Processing attachment: https://s33834.pcdn.co/web-agency/wp-content/uploads/sites/421/2020/06/cropped-web-agency-logo-2.png...
[02/Dec/2020:10:30:34] (P): Fetching attachment from url: https://s33834.pcdn.co/web-agency/wp-content/uploads/sites/421/2020/06/cropped-web-agency-logo-2.png...
[02/Dec/2020:10:30:36] (S): Fetched remote attachment.
[02/Dec/2020:10:30:36] (P): Inserting attachment...
[02/Dec/2020:10:30:36] (S): Attachment inserted
[02/Dec/2020:10:30:36] (S): Processed attachment.
[02/Dec/2020:10:30:36] (P): Processing attachment: https://s33834.pcdn.co/web-agency/wp-content/uploads/sites/421/2020/06/web-agency-icon.png...
[02/Dec/2020:10:30:36] (P): Fetching attachment from url: https://s33834.pcdn.co/web-agency/wp-content/uploads/sites/421/2020/06/web-agency-icon.png...
[02/Dec/2020:10:30:37] (S): Fetched remote attachment.
[02/Dec/2020:10:30:37] (P): Inserting attachment...
[02/Dec/2020:10:30:37] (S): Attachment inserted
[02/Dec/2020:10:30:37] (S): Processed attachment.
[02/Dec/2020:10:30:37] (P): Processing attachment: https://s33834.pcdn.co/web-agency/wp-content/uploads/sites/421/2020/06/cropped-web-agency-icon.png...
[02/Dec/2020:10:30:37] (P): Fetching attachment from url: https://s33834.pcdn.co/web-agency/wp-content/uploads/sites/421/2020/06/cropped-web-agency-icon.png...
[02/Dec/2020:10:30:39] (S): Fetched remote attachment.
[02/Dec/2020:10:30:39] (P): Inserting attachment...
[02/Dec/2020:10:30:39] (S): Attachment inserted
[02/Dec/2020:10:30:39] (S): Processed attachment.
[02/Dec/2020:10:30:39] (P): Processing attachment: https://s33834.pcdn.co/web-agency/wp-content/uploads/sites/421/2020/07/web-design-studio-01.jpg.jpg...
[02/Dec/2020:10:30:39] (P): Fetching attachment from url: https://s33834.pcdn.co/web-agency/wp-content/uploads/sites/421/2020/07/web-design-studio-01.jpg.jpg...
[02/Dec/2020:10:30:41] (S): Fetched remote attachment.
[02/Dec/2020:10:30:41] (P): Inserting attachment...
[02/Dec/2020:10:30:41] (S): Attachment inserted
[02/Dec/2020:10:30:41] (S): Processed attachment.
[02/Dec/2020:10:30:41] (P): Inserting post: 5 UX Principles for Creating a Great Website .
[02/Dec/2020:10:30:41] (S): Done inserting post: 5 UX Principles for Creating a Great Website .
[02/Dec/2020:10:30:41] (P): Inserting page: News .
[02/Dec/2020:10:30:41] (S): Done inserting page: News .
[02/Dec/2020:10:30:41] (P): Inserting page: Home .
[02/Dec/2020:10:30:41] (S): Done inserting page: Home .
[02/Dec/2020:10:30:41] (P): Filtering elementor meta...
[02/Dec/2020:10:30:41] (S): Filtered elementor meta.
[02/Dec/2020:10:30:41] (P): Inserting post: Web Design Trends for 2020 .
[02/Dec/2020:10:30:41] (S): Done inserting post: Web Design Trends for 2020 .
[02/Dec/2020:10:30:42] (P): Inserting post: A Simple Guide to Design Thinking .
[02/Dec/2020:10:30:42] (S): Done inserting post: A Simple Guide to Design Thinking .
[02/Dec/2020:10:30:42] (P): Inserting page: About Us .
[02/Dec/2020:10:30:42] (S): Done inserting page: About Us .
[02/Dec/2020:10:30:42] (P): Filtering elementor meta...
[02/Dec/2020:10:30:42] (S): Filtered elementor meta.
[02/Dec/2020:10:30:42] (P): Inserting page: Portfolio .
[02/Dec/2020:10:30:42] (S): Done inserting page: Portfolio .
[02/Dec/2020:10:30:42] (P): Filtering elementor meta...
[02/Dec/2020:10:30:42] (S): Filtered elementor meta.
[02/Dec/2020:10:30:42] (P): Inserting page: Contact .
[02/Dec/2020:10:30:42] (S): Done inserting page: Contact .
[02/Dec/2020:10:30:42] (P): Filtering elementor meta...
[02/Dec/2020:10:30:42] (S): Filtered elementor meta.
[02/Dec/2020:10:30:42] (P): Inserting page: Portfolio single .
[02/Dec/2020:10:30:42] (S): Done inserting page: Portfolio single .
[02/Dec/2020:10:30:42] (P): Filtering elementor meta...
[02/Dec/2020:10:30:42] (S): Filtered elementor meta.
[02/Dec/2020:10:30:42] (P): Processing single menu item ' '...
[02/Dec/2020:10:30:42] (S): Processed single menu item.
[02/Dec/2020:10:30:42] (P): Processing single menu item ' '...
[02/Dec/2020:10:30:42] (S): Processed single menu item.
[02/Dec/2020:10:30:42] (P): Processing single menu item ' '...
[02/Dec/2020:10:30:42] (S): Processed single menu item.
[02/Dec/2020:10:30:42] (S): Processed posts.
[02/Dec/2020:10:30:42] (P): Processing single menu item ' '...
[02/Dec/2020:10:30:42] (S): Processed single menu item.
[02/Dec/2020:10:30:42] (P): Processing single menu item ' '...
[02/Dec/2020:10:30:42] (S): Processed single menu item.
[02/Dec/2020:10:30:42] (P): Processing single menu item ' '...
[02/Dec/2020:10:30:42] (S): Processed single menu item.
[02/Dec/2020:10:30:42] (P): Cleaning up import with id ...
[02/Dec/2020:10:30:42] (P): Done cleanup. Flushing cache...
[02/Dec/2020:10:30:42] (P): Flushed cache. Removing temporary data..
[02/Dec/2020:10:30:42] (S): Done importing
[02/Dec/2020:10:30:42] (P): Busting elementor cache
[02/Dec/2020:10:30:42] (S): Front page set up with id: 72.
